<?xml version="1.0" encoding="UTF-8"?>
<testsuite name="com.thoughtworks.rectangle.AreaCalculatorTest" tests="1" skipped="0" failures="0" errors="0" timestamp="2024-01-08T15:06:24" hostname="gurushifu-gurushifugitp-dnekur4ism8" time="0.015">
  <properties/>
  <testcase name="shouldReturnValidAreaForRectangle()" classname="com.thoughtworks.rectangle.AreaCalculatorTest" time="0.015"/>
  <system-out><![CDATA[]]></system-out>
  <system-err><![CDATA[]]></system-err>
</testsuite>
